<?xml version="1.0" encoding="UTF-8"?>
<testng-results skipped="0" failed="0" total="1" passed="1">
  <reporter-output>
  </reporter-output>
  <suite name="All Test Suite" duration-ms="10004" started-at="2019-08-04T20:06:50Z" finished-at="2019-08-04T20:07:00Z">
    <groups>
    </groups>
    <test name="C:/Users/User/IdeaProjects/Selenium" duration-ms="10004" started-at="2019-08-04T20:06:50Z" finished-at="2019-08-04T20:07:00Z">
      <class name="Test">
        <test-method status="PASS" signature="test11()[pri:0, instance:Test@60f82f98]" name="test11" duration-ms="9989" started-at="2019-08-05T01:36:50Z" finished-at="2019-08-05T01:37:00Z">
          <reporter-output>
          </reporter-output>
        </test-method> <!-- test11 -->
      </class> <!-- Test -->
    </test> <!-- C:/Users/User/IdeaProjects/Selenium -->
  </suite> <!-- All Test Suite -->
</testng-results>
