<?xml version="1.0" encoding="UTF-8"?>
<testng-results skipped="0" failed="0" total="1" passed="1">
  <reporter-output>
  </reporter-output>
  <suite name="All Test Suite" duration-ms="14678" started-at="2019-08-04T20:15:54Z" finished-at="2019-08-04T20:16:09Z">
    <groups>
    </groups>
    <test name="C:/Users/User/IdeaProjects/Selenium" duration-ms="14678" started-at="2019-08-04T20:15:54Z" finished-at="2019-08-04T20:16:09Z">
      <class name="Test">
        <test-method status="PASS" signature="test11()[pri:0, instance:Test@60f82f98]" name="test11" duration-ms="14654" started-at="2019-08-05T01:45:54Z" finished-at="2019-08-05T01:46:09Z">
          <reporter-output>
          </reporter-output>
        </test-method> <!-- test11 -->
      </class> <!-- Test -->
    </test> <!-- C:/Users/User/IdeaProjects/Selenium -->
  </suite> <!-- All Test Suite -->
</testng-results>
